<?xml version="1.0" encoding="utf-8"?><testsuites name="pytest tests"><testsuite name="pytest" errors="0" failures="0" skipped="0" tests="28" time="5.796" timestamp="2026-04-17T19:01:10.791647+00:00" hostname="agent-env-093b9e6b-84f2-4c71-8330-b95c663f8adc"><testcase classname="tests.test_beg_estates_api.TestPublicProjectsAPI" name="test_list_projects_returns_projects_with_stats" time="0.233" /><testcase classname="tests.test_beg_estates_api.TestPublicProjectsAPI" name="test_get_project_returns_project_with_buildings" time="0.113" /><testcase classname="tests.test_beg_estates_api.TestPublicProjectsAPI" name="test_get_project_properties" time="0.111" /><testcase classname="tests.test_beg_estates_api.TestPublicProjectsAPI" name="test_get_property_returns_property_with_project_and_linked" time="0.193" /><testcase classname="tests.test_beg_estates_api.TestPublicInquiriesAPI" name="test_create_inquiry_no_auth" time="0.056" /><testcase classname="tests.test_beg_estates_api.TestStaffAuth" name="test_staff_login_success" time="0.275" /><testcase classname="tests.test_beg_estates_api.TestStaffAuth" name="test_staff_login_invalid_password" time="0.274" /><testcase classname="tests.test_beg_estates_api.TestStaffAuth" name="test_auth_me_returns_authenticated_user" time="0.395" /><testcase classname="tests.test_beg_estates_api.TestStaffAuth" name="test_brute_force_lockout" time="0.369" /><testcase classname="tests.test_beg_estates_api.TestClientAuth" name="test_client_request_otp_returns_dev_otp" time="0.121" /><testcase classname="tests.test_beg_estates_api.TestClientAuth" name="test_client_verify_otp_correct_code" time="0.105" /><testcase classname="tests.test_beg_estates_api.TestClientAuth" name="test_client_verify_otp_wrong_code" time="0.100" /><testcase classname="tests.test_beg_estates_api.TestAdminDashboard" name="test_admin_dashboard_returns_kpi" time="0.141" /><testcase classname="tests.test_beg_estates_api.TestClientDashboard" name="test_client_dashboard_returns_reservations" time="0.231" /><testcase classname="tests.test_beg_estates_api.TestReservations" name="test_zero_deposit_reservation_creates_and_updates_status" time="0.288" /><testcase classname="tests.test_beg_estates_api.TestReservations" name="test_cannot_reserve_non_free_property" time="0.241" /><testcase classname="tests.test_beg_estates_api.TestReservations" name="test_zero_deposit_limit_exceeded" time="0.489" /><testcase classname="tests.test_beg_estates_api.TestReservationRelease" name="test_staff_release_reservation" time="0.226" /><testcase classname="tests.test_beg_estates_api.TestAuditLogs" name="test_audit_logs_returns_records" time="0.116" /><testcase classname="tests.test_beg_estates_api.TestClientsList" name="test_clients_list_returns_with_reservation_count" time="0.111" /><testcase classname="tests.test_beg_estates_api.TestPropertyStatusChange" name="test_staff_can_change_property_status" time="0.373" /><testcase classname="tests.test_beg_estates_api.TestRoleEnforcement" name="test_client_cannot_access_admin_dashboard" time="0.132" /><testcase classname="tests.test_beg_estates_api.TestRoleEnforcement" name="test_unauthenticated_cannot_access_protected_endpoints" time="0.401" /><testcase classname="tests.test_beg_estates_api.TestRoleEnforcement" name="test_client_cannot_access_staff_endpoints" time="0.178" /><testcase classname="tests.test_beg_estates_api.TestSeedData" name="test_seed_project_exists" time="0.059" /><testcase classname="tests.test_beg_estates_api.TestSeedData" name="test_seed_properties_count" time="0.105" /><testcase classname="tests.test_beg_estates_api.TestSeedData" name="test_seed_a1_1_is_sold" time="0.120" /><testcase classname="tests.test_beg_estates_api.TestSeedData" name="test_seed_a3_2_has_zero_deposit_reservation" time="0.115" /></testsuite></testsuites>