<?xml version="1.0" encoding="utf-8"?><testsuites name="pytest tests"><testsuite name="pytest" errors="0" failures="0" skipped="0" tests="17" time="6.048" timestamp="2026-05-06T14:21:34.355757+00:00" hostname="agent-env-093b9e6b-84f2-4c71-8330-b95c663f8adc"><testcase classname="backend.tests.test_deals_g2.TestBackendCleanup" name="test_sales_list_returns_404" time="0.934" /><testcase classname="backend.tests.test_deals_g2.TestBackendCleanup" name="test_sales_create_returns_404" time="0.202" /><testcase classname="backend.tests.test_deals_g2.TestDealsListAPI" name="test_deals_list_with_status_filter" time="0.574" /><testcase classname="backend.tests.test_deals_g2.TestDealsListAPI" name="test_deals_list_with_client_filter" time="0.713" /><testcase classname="backend.tests.test_deals_g2.TestNewDealWizardAPI" name="test_create_deal_with_auto_schedule_without_bank" time="0.281" /><testcase classname="backend.tests.test_deals_g2.TestNewDealWizardAPI" name="test_create_deal_with_auto_schedule_with_bank" time="0.257" /><testcase classname="backend.tests.test_deals_g2.TestNewDealWizardAPI" name="test_create_deal_combined_mode" time="0.276" /><testcase classname="backend.tests.test_deals_g2.TestDealEditorAPI" name="test_update_deal_item_price" time="0.177" /><testcase classname="backend.tests.test_deals_g2.TestDealEditorAPI" name="test_update_deal_payment_mode" time="0.151" /><testcase classname="backend.tests.test_deals_g2.TestDealEditorAPI" name="test_inline_stage_edit" time="0.188" /><testcase classname="backend.tests.test_deals_g2.TestPaymentTracking" name="test_mark_stage_as_paid" time="0.220" /><testcase classname="backend.tests.test_deals_g2.TestPaymentTracking" name="test_unmark_stage_as_paid" time="0.101" /><testcase classname="backend.tests.test_deals_g2.TestDealCancelFlow" name="test_cancel_deal_releases_properties" time="0.350" /><testcase classname="backend.tests.test_deals_g2.TestDealCancelFlow" name="test_cancelled_deal_is_readonly" time="0.099" /><testcase classname="backend.tests.test_deals_g2.TestDealCancelFlow" name="test_delete_cancelled_deal" time="0.129" /><testcase classname="backend.tests.test_deals_g2.TestQuoteConversion" name="test_convert_accepted_quote_imports_schedule" time="0.813" /><testcase classname="backend.tests.test_deals_g2.TestCleanupRemainingDeals" name="test_cleanup_remaining_deals" time="0.434" /></testsuite></testsuites>