<?xml version="1.0" encoding="utf-8"?><testsuites name="pytest tests"><testsuite name="pytest" errors="0" failures="0" skipped="0" tests="15" time="4.954" timestamp="2026-05-06T13:46:26.630553+00:00" hostname="agent-env-093b9e6b-84f2-4c71-8330-b95c663f8adc"><testcase classname="backend.tests.test_deals_g1.TestDealsAccessControl" name="test_deals_list_anonymous_returns_401" time="0.458" /><testcase classname="backend.tests.test_deals_g1.TestDealsAccessControl" name="test_deals_list_sales_returns_403" time="0.848" /><testcase classname="backend.tests.test_deals_g1.TestDealsAccessControl" name="test_deals_create_sales_returns_403" time="0.875" /><testcase classname="backend.tests.test_deals_g1.TestDealsAccessControl" name="test_deals_list_super_admin_returns_200" time="0.069" /><testcase classname="backend.tests.test_deals_g1.TestDealsCRUD" name="test_create_deal_multi_property" time="0.213" /><testcase classname="backend.tests.test_deals_g1.TestDealsCRUD" name="test_create_deal_fails_for_sold_property" time="0.078" /><testcase classname="backend.tests.test_deals_g1.TestDealsCRUD" name="test_cancel_deal_releases_properties" time="0.220" /><testcase classname="backend.tests.test_deals_g1.TestDealsCRUD" name="test_delete_deal_only_cancelled" time="0.067" /><testcase classname="backend.tests.test_deals_g1.TestDealsCRUD" name="test_delete_active_deal_fails" time="0.285" /><testcase classname="backend.tests.test_deals_g1.TestDealsSchedule" name="test_regenerate_schedule_with_bank" time="0.141" /><testcase classname="backend.tests.test_deals_g1.TestDealsSchedule" name="test_patch_stage_payment" time="0.290" /><testcase classname="backend.tests.test_deals_g1.TestQuoteConversion" name="test_convert_accepted_quote_to_deal" time="0.566" /><testcase classname="backend.tests.test_deals_g1.TestQuoteConversion" name="test_convert_draft_quote_fails" time="0.291" /><testcase classname="backend.tests.test_deals_g1.TestProjectAdminUpdate" name="test_admin_update_project_expense_estimate" time="0.143" /><testcase classname="backend.tests.test_deals_g1.TestProjectAdminUpdate" name="test_admin_update_project_sales_forbidden" time="0.203" /></testsuite></testsuites>