<?xml version="1.0" encoding="utf-8"?><testsuites name="pytest tests"><testsuite name="pytest" errors="0" failures="0" skipped="0" tests="23" time="3.958" timestamp="2026-05-02T06:30:52.971636+00:00" hostname="agent-env-093b9e6b-84f2-4c71-8330-b95c663f8adc"><testcase classname="tests.test_auth_refactor_full.TestClientLogin" name="test_client_login_success" time="0.404" /><testcase classname="tests.test_auth_refactor_full.TestClientLogin" name="test_client_login_wrong_password" time="0.279" /><testcase classname="tests.test_auth_refactor_full.TestClientLogin" name="test_client_login_nonexistent_email" time="0.057" /><testcase classname="tests.test_auth_refactor_full.TestStaffLogin" name="test_staff_login_step1_success" time="0.276" /><testcase classname="tests.test_auth_refactor_full.TestStaffLogin" name="test_staff_login_wrong_password" time="0.278" /><testcase classname="tests.test_auth_refactor_full.TestStaffLogin" name="test_staff_setup_totp_with_temp_token" time="0.327" /><testcase classname="tests.test_auth_refactor_full.TestStaffLogin" name="test_staff_verify_totp_invalid_code" time="0.328" /><testcase classname="tests.test_auth_refactor_full.TestForgotPassword" name="test_client_forgot_password_always_200" time="0.165" /><testcase classname="tests.test_auth_refactor_full.TestPasswordPolicy" name="test_reset_password_weak_password" time="0.052" /><testcase classname="tests.test_auth_refactor_full.TestPasswordPolicy" name="test_reset_password_no_digit" time="0.051" /><testcase classname="tests.test_auth_refactor_full.TestPasswordPolicy" name="test_reset_password_no_letter" time="0.050" /><testcase classname="tests.test_auth_refactor_full.TestClientReadOnly" name="test_client_cannot_create_reservation" time="0.495" /><testcase classname="tests.test_auth_refactor_full.TestAdminPasswordResets" name="test_password_resets_requires_staff" time="0.055" /><testcase classname="tests.test_auth_refactor_full.TestAdminPasswordResets" name="test_password_resets_with_client_cookie" time="0.043" /><testcase classname="tests.test_auth_refactor_full.TestAuthMe" name="test_me_no_cookie" time="0.052" /><testcase classname="tests.test_auth_refactor_full.TestAuthMe" name="test_me_with_client_cookie" time="0.045" /><testcase classname="tests.test_auth_refactor_full.TestRefresh" name="test_refresh_no_cookie" time="0.051" /><testcase classname="tests.test_auth_refactor_full.TestRefresh" name="test_refresh_with_valid_cookie" time="0.043" /><testcase classname="tests.test_auth_refactor_full.TestPublicEndpoints" name="test_public_projects" time="0.054" /><testcase classname="tests.test_auth_refactor_full.TestPublicEndpoints" name="test_public_project_properties" time="0.109" /><testcase classname="tests.test_auth_refactor_full.TestPublicEndpoints" name="test_public_inquiries" time="0.052" /><testcase classname="tests.test_auth_refactor_full.TestBruteForceLockout" name="test_lockout_mechanism_exists" time="0.327" /><testcase classname="tests.test_auth_refactor_full.TestChangePassword" name="test_change_password_wrong_current" time="0.268" /></testsuite></testsuites>