<?xml version="1.0" encoding="utf-8"?><testsuites name="pytest tests"><testsuite name="pytest" errors="0" failures="0" skipped="0" tests="14" time="2.348" timestamp="2026-05-09T05:19:34.572619+00:00" hostname="agent-env-093b9e6b-84f2-4c71-8330-b95c663f8adc"><testcase classname="backend.tests.test_pricing_g22a.TestPricingSettingsPersistence" name="test_put_pricing_settings_super_admin" time="0.727" /><testcase classname="backend.tests.test_pricing_g22a.TestPricingSettingsPersistence" name="test_put_pricing_settings_sales_forbidden" time="0.418" /><testcase classname="backend.tests.test_pricing_g22a.TestPricingSettingsPersistence" name="test_put_pricing_settings_anonymous_unauthorized" time="0.105" /><testcase classname="backend.tests.test_pricing_g22a.TestRecalcDryRun" name="test_recalc_dry_run_returns_items" time="0.102" /><testcase classname="backend.tests.test_pricing_g22a.TestRecalcDryRun" name="test_recalc_without_pricing_settings_returns_400" time="0.145" /><testcase classname="backend.tests.test_pricing_g22a.TestRecalcDryRun" name="test_recalc_sales_forbidden" time="0.052" /><testcase classname="backend.tests.test_pricing_g22a.TestRecalcDryRun" name="test_recalc_anonymous_unauthorized" time="0.052" /><testcase classname="backend.tests.test_pricing_g22a.TestRecalcApply" name="test_recalc_apply_updates_db" time="0.130" /><testcase classname="backend.tests.test_pricing_g22a.TestPreviewDisplayPrices" name="test_preview_display_prices_returns_rows" time="0.049" /><testcase classname="backend.tests.test_pricing_g22a.TestPreviewDisplayPrices" name="test_preview_display_prices_sales_forbidden" time="0.052" /><testcase classname="backend.tests.test_pricing_g22a.TestPreviewDisplayPrices" name="test_preview_display_prices_anonymous_unauthorized" time="0.044" /><testcase classname="backend.tests.test_pricing_g22a.TestPricingEngineResolution" name="test_pricing_sources_in_recalc_result" time="0.118" /><testcase classname="backend.tests.test_pricing_g22a.TestNonExistentProject" name="test_recalc_nonexistent_project_404" time="0.050" /><testcase classname="backend.tests.test_pricing_g22a.TestNonExistentProject" name="test_preview_nonexistent_project_404" time="0.049" /></testsuite></testsuites>