<?xml version="1.0" encoding="utf-8"?><testsuites name="pytest tests"><testsuite name="pytest" errors="0" failures="0" skipped="0" tests="28" time="4.731" timestamp="2026-04-17T19:57:40.921550+00:00" hostname="agent-env-093b9e6b-84f2-4c71-8330-b95c663f8adc"><testcase classname="backend.tests.test_beg_estates_v2.TestSeedMigration" name="test_two_projects_exist" time="0.214" /><testcase classname="backend.tests.test_beg_estates_v2.TestSeedMigration" name="test_hd_project_is_primary_and_first" time="0.121" /><testcase classname="backend.tests.test_beg_estates_v2.TestSeedMigration" name="test_hd_project_stats" time="0.103" /><testcase classname="backend.tests.test_beg_estates_v2.TestSeedMigration" name="test_hd_inventory_count_public" time="0.240" /><testcase classname="backend.tests.test_beg_estates_v2.TestSeedMigration" name="test_hd_inventory_count_staff" time="0.456" /><testcase classname="backend.tests.test_beg_estates_v2.TestSeedMigration" name="test_hd_inventory_types" time="0.114" /><testcase classname="backend.tests.test_beg_estates_v2.TestPublicPrivacy" name="test_public_properties_no_admin_fields" time="0.119" /><testcase classname="backend.tests.test_beg_estates_v2.TestPublicPrivacy" name="test_public_property_detail_no_admin_fields" time="0.208" /><testcase classname="backend.tests.test_beg_estates_v2.TestPublicPrivacy" name="test_hidden_property_returns_404_public" time="0.157" /><testcase classname="backend.tests.test_beg_estates_v2.TestStaffAccess" name="test_staff_property_has_admin_fields" time="0.105" /><testcase classname="backend.tests.test_beg_estates_v2.TestStaffAccess" name="test_staff_property_has_buyer_details" time="0.100" /><testcase classname="backend.tests.test_beg_estates_v2.TestBuyersCollection" name="test_buyers_list_staff" time="0.048" /><testcase classname="backend.tests.test_beg_estates_v2.TestBuyersCollection" name="test_buyers_list_unauthenticated_401" time="0.104" /><testcase classname="backend.tests.test_beg_estates_v2.TestPropertyStatuses" name="test_property_statuses_returns_7_entries" time="0.112" /><testcase classname="backend.tests.test_beg_estates_v2.TestStatusChange" name="test_status_change_valid" time="0.281" /><testcase classname="backend.tests.test_beg_estates_v2.TestStatusChange" name="test_status_change_invalid_returns_400" time="0.120" /><testcase classname="backend.tests.test_beg_estates_v2.TestZeroDepositReservation" name="test_cannot_reserve_sold_property" time="0.401" /><testcase classname="backend.tests.test_beg_estates_v2.TestZeroDepositReservation" name="test_cannot_reserve_compensation_property" time="0.180" /><testcase classname="backend.tests.test_beg_estates_v2.TestZeroDepositReservation" name="test_cannot_reserve_hidden_property" time="0.125" /><testcase classname="backend.tests.test_beg_estates_v2.TestZeroDepositReservation" name="test_ivan_has_seeded_zero_deposit_on_202" time="0.059" /><testcase classname="backend.tests.test_beg_estates_v2.TestZeroDepositReservation" name="test_zero_deposit_limit_enforced" time="0.490" /><testcase classname="backend.tests.test_beg_estates_v2.TestReleaseReservation" name="test_release_sets_property_to_available" time="0.290" /><testcase classname="backend.tests.test_beg_estates_v2.TestAdminDashboard" name="test_admin_dashboard_kpi_keys" time="0.057" /><testcase classname="backend.tests.test_beg_estates_v2.TestClientDashboard" name="test_client_dashboard_structure" time="0.059" /><testcase classname="backend.tests.test_beg_estates_v2.TestRoleEnforcement" name="test_client_cannot_access_admin_dashboard" time="0.059" /><testcase classname="backend.tests.test_beg_estates_v2.TestRoleEnforcement" name="test_client_cannot_access_buyers" time="0.054" /><testcase classname="backend.tests.test_beg_estates_v2.TestProjectDetail" name="test_hd_project_has_nearby_amenities" time="0.119" /><testcase classname="backend.tests.test_beg_estates_v2.TestProjectDetail" name="test_hd_project_has_buildings_and_updates" time="0.115" /></testsuite></testsuites>