<?xml version="1.0" encoding="utf-8"?><testsuites name="pytest tests"><testsuite name="pytest" errors="0" failures="1" skipped="0" tests="19" time="5.067" timestamp="2026-05-02T13:25:53.395386+00:00" hostname="agent-env-093b9e6b-84f2-4c71-8330-b95c663f8adc"><testcase classname="tests.test_auth_no_totp.TestStaffLoginSimple" name="test_staff_login_success" time="0.422" /><testcase classname="tests.test_auth_no_totp.TestStaffLoginSimple" name="test_staff_login_wrong_password" time="0.356" /><testcase classname="tests.test_auth_no_totp.TestStaffLoginLockout" name="test_lockout_after_3_attempts" time="0.288"><failure message="AssertionError: Expected 429 (lockout), got 401&#10;assert 401 == 429&#10; +  where 401 = &lt;Response [401]&gt;.status_code">tests/test_auth_no_totp.py:119: in test_lockout_after_3_attempts
    assert resp.status_code == 429, f"Expected 429 (lockout), got {resp.status_code}"
E   AssertionError: Expected 429 (lockout), got 401
E   assert 401 == 429
E    +  where 401 = &lt;Response [401]&gt;.status_code</failure></testcase><testcase classname="tests.test_auth_no_totp.TestRemovedEndpoints" name="test_setup_totp_removed" time="0.146" /><testcase classname="tests.test_auth_no_totp.TestRemovedEndpoints" name="test_verify_totp_removed" time="0.124" /><testcase classname="tests.test_auth_no_totp.TestRemovedEndpoints" name="test_verify_totp_setup_removed" time="0.127" /><testcase classname="tests.test_auth_no_totp.TestRemovedEndpoints" name="test_2fa_setup_removed" time="0.114" /><testcase classname="tests.test_auth_no_totp.TestRemovedEndpoints" name="test_2fa_verify_removed" time="0.115" /><testcase classname="tests.test_auth_no_totp.TestRemovedEndpoints" name="test_reset_totp_removed" time="0.436" /><testcase classname="tests.test_auth_no_totp.TestPasswordPolicy" name="test_password_too_short" time="0.110" /><testcase classname="tests.test_auth_no_totp.TestPasswordPolicy" name="test_password_no_special_char" time="0.105" /><testcase classname="tests.test_auth_no_totp.TestPasswordPolicy" name="test_password_no_digit" time="0.189" /><testcase classname="tests.test_auth_no_totp.TestAuthMe" name="test_me_returns_user_without_totp_fields" time="0.052" /><testcase classname="tests.test_auth_no_totp.TestStaffList" name="test_staff_list_no_totp_fields" time="0.055" /><testcase classname="tests.test_auth_no_totp.TestStaffCreate" name="test_create_staff_returns_temp_password" time="0.339" /><testcase classname="tests.test_auth_no_totp.TestStaffResetPassword" name="test_reset_password_returns_temp_password" time="0.632" /><testcase classname="tests.test_auth_no_totp.TestClientLogin" name="test_client_login_success" time="0.331" /><testcase classname="tests.test_auth_no_totp.TestClientForgotPassword" name="test_forgot_password_creates_token" time="0.164" /><testcase classname="tests.test_auth_no_totp.TestStaffDeactivateActivateDelete" name="test_deactivate_activate_delete_flow" time="0.748" /></testsuite></testsuites>