<?xml version="1.0" encoding="utf-8"?><testsuites name="pytest tests"><testsuite name="pytest" errors="0" failures="0" skipped="0" tests="7" time="1.461" timestamp="2026-05-11T06:59:35.487709+00:00" hostname="agent-env-093b9e6b-84f2-4c71-8330-b95c663f8adc"><testcase classname="tests.test_construction_cashflow_r7.TestConstructionCashflowR7" name="test_dashboard_returns_construction_cashflow_for_admin" time="0.588" /><testcase classname="tests.test_construction_cashflow_r7.TestConstructionCashflowR7" name="test_dashboard_without_project_shows_unavailable" time="0.062" /><testcase classname="tests.test_construction_cashflow_r7.TestConstructionCashflowR7" name="test_sales_role_no_construction_cashflow" time="0.437" /><testcase classname="tests.test_construction_cashflow_r7.TestConstructionCashflowR7" name="test_update_project_construction_settings" time="0.061" /><testcase classname="tests.test_construction_cashflow_r7.TestConstructionCashflowR7" name="test_dashboard_reflects_saved_settings" time="0.062" /><testcase classname="tests.test_construction_cashflow_r7.TestConstructionCashflowR7" name="test_kpi_totals_calculation" time="0.062" /><testcase classname="tests.test_construction_cashflow_r7.TestConstructionCashflowR7" name="test_other_tabs_not_broken" time="0.057" /></testsuite></testsuites>