<?xml version="1.0" encoding="utf-8"?><testsuites name="pytest tests"><testsuite name="pytest" errors="0" failures="0" skipped="0" tests="16" time="2.826" timestamp="2026-05-06T15:21:40.960383+00:00" hostname="agent-env-093b9e6b-84f2-4c71-8330-b95c663f8adc"><testcase classname="backend.tests.test_deals_g21.TestNewTerminologyAccepted" name="test_create_deal_bank_loan_accepted" time="0.661" /><testcase classname="backend.tests.test_deals_g21.TestNewTerminologyAccepted" name="test_create_deal_own_funds_accepted" time="0.057" /><testcase classname="backend.tests.test_deals_g21.TestNewTerminologyAccepted" name="test_create_deal_combined_accepted" time="0.061" /><testcase classname="backend.tests.test_deals_g21.TestOldTerminologyRejected" name="test_create_deal_with_bank_rejected" time="0.056" /><testcase classname="backend.tests.test_deals_g21.TestOldTerminologyRejected" name="test_create_deal_without_bank_rejected" time="0.057" /><testcase classname="backend.tests.test_deals_g21.TestRegenerateScheduleWithOwnBucket" name="test_regenerate_schedule_bucket_own_works" time="0.074" /><testcase classname="backend.tests.test_deals_g21.TestRegenerateScheduleWithOwnBucket" name="test_regenerate_schedule_bucket_non_bank_rejected" time="0.060" /><testcase classname="backend.tests.test_deals_g21.TestRegenerateScheduleWithOwnBucket" name="test_regenerate_schedule_bucket_bank_works" time="0.069" /><testcase classname="backend.tests.test_deals_g21.TestStagePaymentWithOwnBucket" name="test_mark_stage_paid_bucket_own" time="0.185" /><testcase classname="backend.tests.test_deals_g21.TestSuggestDistribution" name="test_suggest_distribution_bank_invoice" time="0.165" /><testcase classname="backend.tests.test_deals_g21.TestSuggestDistribution" name="test_suggest_distribution_own_invoice" time="0.125" /><testcase classname="backend.tests.test_deals_g21.TestSuggestDistribution" name="test_suggest_distribution_combined_bank_amount" time="0.110" /><testcase classname="backend.tests.test_deals_g21.TestUpdateDealWithOwnStages" name="test_update_deal_own_stages" time="0.130" /><testcase classname="backend.tests.test_deals_g21.TestUpdateDealWithOwnStages" name="test_update_deal_recomputes_percent_from_amount" time="0.117" /><testcase classname="backend.tests.test_deals_g21.TestQuoteConversionWithNewTerminology" name="test_convert_quote_creates_own_funds_deal" time="0.315" /><testcase classname="backend.tests.test_deals_g21.TestCleanup" name="test_cleanup_test_deals" time="0.513" /></testsuite></testsuites>