<?xml version="1.0" encoding="utf-8"?><testsuites name="pytest tests"><testsuite name="pytest" errors="0" failures="0" skipped="0" tests="9" time="6.751" timestamp="2026-05-10T20:04:46.462461+00:00" hostname="agent-env-093b9e6b-84f2-4c71-8330-b95c663f8adc"><testcase classname="backend.tests.test_dashboard_r61.TestDashboardR61" name="test_dashboard_overview_new_counting_fields" time="0.763" /><testcase classname="backend.tests.test_dashboard_r61.TestDashboardR61" name="test_dashboard_apartment_filter_math" time="0.727" /><testcase classname="backend.tests.test_dashboard_r61.TestDashboardR61" name="test_dashboard_count_reconciliation" time="0.721" /><testcase classname="backend.tests.test_dashboard_r61.TestDashboardR61" name="test_dashboard_finance_fields_for_admin" time="0.742" /><testcase classname="backend.tests.test_dashboard_r61.TestDashboardR61" name="test_dashboard_finance_fields_hidden_for_sales" time="0.756" /><testcase classname="backend.tests.test_dashboard_r61.TestDashboardR61" name="test_dashboard_legacy_keys_present" time="0.739" /><testcase classname="backend.tests.test_dashboard_r61.TestDashboardR61" name="test_dashboard_not_sold_calculation" time="0.733" /><testcase classname="backend.tests.test_dashboard_r61.TestDashboardR61" name="test_dashboard_market_available_calculation" time="0.753" /><testcase classname="backend.tests.test_dashboard_r61.TestDashboardR61" name="test_dashboard_non_sale_calculation" time="0.754" /></testsuite></testsuites>