<?xml version="1.0" encoding="utf-8"?><testsuites name="pytest tests"><testsuite name="pytest" errors="0" failures="0" skipped="0" tests="17" time="8.585" timestamp="2026-05-11T13:09:36.644643+00:00" hostname="agent-env-093b9e6b-84f2-4c71-8330-b95c663f8adc"><testcase classname="backend.tests.test_dashboard_r8.TestDashboardR8SuperAdmin" name="test_dashboard_full_returns_200" time="0.596" /><testcase classname="backend.tests.test_dashboard_r8.TestDashboardR8SuperAdmin" name="test_overview_has_area_fields" time="0.753" /><testcase classname="backend.tests.test_dashboard_r8.TestDashboardR8SuperAdmin" name="test_overview_has_value_fields_for_finance_role" time="0.573" /><testcase classname="backend.tests.test_dashboard_r8.TestDashboardR8SuperAdmin" name="test_area_reconciliation_sold_plus_not_sold" time="0.413" /><testcase classname="backend.tests.test_dashboard_r8.TestDashboardR8SuperAdmin" name="test_area_percent_reconciliation" time="0.444" /><testcase classname="backend.tests.test_dashboard_r8.TestDashboardR8SuperAdmin" name="test_area_bucket_reconciliation" time="0.521" /><testcase classname="backend.tests.test_dashboard_r8.TestDashboardR8SuperAdmin" name="test_by_type_has_area_value_fields" time="0.495" /><testcase classname="backend.tests.test_dashboard_r8.TestDashboardR8SuperAdmin" name="test_by_floor_has_area_value_fields" time="0.431" /><testcase classname="backend.tests.test_dashboard_r8.TestDashboardR8SuperAdmin" name="test_by_building_has_area_value_fields" time="0.422" /><testcase classname="backend.tests.test_dashboard_r8.TestDashboardR8SalesRole" name="test_sales_dashboard_returns_200" time="0.510" /><testcase classname="backend.tests.test_dashboard_r8.TestDashboardR8SalesRole" name="test_sales_has_area_fields" time="0.512" /><testcase classname="backend.tests.test_dashboard_r8.TestDashboardR8SalesRole" name="test_sales_no_finance_visibility" time="0.426" /><testcase classname="backend.tests.test_dashboard_r8.TestDashboardR8SalesRole" name="test_sales_value_fields_missing_or_null" time="0.427" /><testcase classname="backend.tests.test_dashboard_r8.TestDashboardR8DataIntegrity" name="test_no_nan_values_in_overview" time="0.441" /><testcase classname="backend.tests.test_dashboard_r8.TestDashboardR8DataIntegrity" name="test_no_nan_values_in_by_type" time="0.515" /><testcase classname="backend.tests.test_dashboard_r8.TestDashboardR8DataIntegrity" name="test_area_values_are_reasonable" time="0.437" /><testcase classname="backend.tests.test_dashboard_r8.TestDashboardR8DataIntegrity" name="test_percent_values_in_valid_range" time="0.477" /></testsuite></testsuites>