<?xml version="1.0" encoding="utf-8"?><testsuites name="pytest tests"><testsuite name="pytest" errors="0" failures="0" skipped="0" tests="23" time="16.017" timestamp="2026-05-02T12:16:40.596040+00:00" hostname="agent-env-093b9e6b-84f2-4c71-8330-b95c663f8adc"><testcase classname="tests.test_staff_management.TestStaffLoginTOTPBootstrap" name="test_staff_login_step1_returns_temp_token" time="0.482" /><testcase classname="tests.test_staff_management.TestStaffLoginTOTPBootstrap" name="test_staff_login_first_time_returns_qr_data" time="0.586" /><testcase classname="tests.test_staff_management.TestStaffLoginTOTPBootstrap" name="test_staff_verify_totp_success" time="0.463" /><testcase classname="tests.test_staff_management.TestStaffLoginTOTPBootstrap" name="test_staff_verify_totp_invalid_code" time="0.518" /><testcase classname="tests.test_staff_management.TestStaffListEndpoint" name="test_staff_list_as_super_admin" time="0.508" /><testcase classname="tests.test_staff_management.TestStaffListEndpoint" name="test_staff_list_forbidden_for_sales" time="0.436" /><testcase classname="tests.test_staff_management.TestStaffListEndpoint" name="test_staff_list_forbidden_for_client" time="0.425" /><testcase classname="tests.test_staff_management.TestStaffCRUD" name="test_create_staff_success" time="0.750" /><testcase classname="tests.test_staff_management.TestStaffCRUD" name="test_create_staff_duplicate_email" time="0.474" /><testcase classname="tests.test_staff_management.TestStaffCRUD" name="test_create_staff_super_admin_forbidden" time="0.444" /><testcase classname="tests.test_staff_management.TestStaffCRUD" name="test_update_staff_success" time="0.801" /><testcase classname="tests.test_staff_management.TestStaffSelfProtection" name="test_reset_password_self_blocked" time="0.485" /><testcase classname="tests.test_staff_management.TestStaffSelfProtection" name="test_reset_totp_self_blocked" time="0.464" /><testcase classname="tests.test_staff_management.TestStaffSelfProtection" name="test_deactivate_self_blocked" time="0.489" /><testcase classname="tests.test_staff_management.TestStaffSelfProtection" name="test_delete_self_blocked" time="0.425" /><testcase classname="tests.test_staff_management.TestStaffDeactivationAndDeletion" name="test_deactivate_and_session_invalidation" time="1.268" /><testcase classname="tests.test_staff_management.TestStaffDeactivationAndDeletion" name="test_activate_staff" time="0.879" /><testcase classname="tests.test_staff_management.TestStaffDeactivationAndDeletion" name="test_delete_staff_soft_delete" time="1.055" /><testcase classname="tests.test_staff_management.TestLastSuperAdminGuard" name="test_cannot_deactivate_last_super_admin" time="1.536" /><testcase classname="tests.test_staff_management.TestLastSuperAdminGuard" name="test_cannot_delete_last_super_admin" time="1.151" /><testcase classname="tests.test_staff_management.TestClientLoginRegression" name="test_client_login_success" time="0.382" /><testcase classname="tests.test_staff_management.TestResetPasswordAndTOTP" name="test_reset_password_returns_temp_password" time="0.988" /><testcase classname="tests.test_staff_management.TestResetPasswordAndTOTP" name="test_reset_totp_clears_setup" time="0.812" /></testsuite></testsuites>